# To run this sample, navigate to the directory that contains the
# `.bal` file, and execute the `ballerina run` command.
$ ballerina run --experimental temporal_aggregations_and_windows.bal
[ballerina/http] started HTTP/WS listener 0.0.0.0:9090

$ curl -X POST http://localhost:9090/requests -d "{'message' : 'hello'}"
"{'message' : 'request successfully received'}"
$ curl -X POST http://localhost:9090/requests -d "{'message' : 'hello'}"
"{'message' : 'request successfully received'}"
$ curl -X POST http://localhost:9090/requests -d "{'message' : 'hello'}"
"{'message' : 'request successfully received'}"
$ curl -X POST http://localhost:9090/requests -d "{'message' : 'hello'}"
"{'message' : 'request successfully received'}"
$ curl -X POST http://localhost:9090/requests -d "{'message' : 'hello'}"
"{'message' : 'request successfully received'}"
$ curl -X POST http://localhost:9090/requests -d "{'message' : 'hello'}"
"{'message' : 'request successfully received'}"
$ curl -X POST http://localhost:9090/requests -d "{'message' : 'hello'}"
"{'message' : 'request successfully received'}"

# If the number of requests from the same host is greater than 6, a log is printed where you ran the 'temporal_aggregations_and_windows.bal'.
ALERT!! : Received more than 6 requests from the host within 10 seconds : localhost
