// Invoke the service using "curl".
$ curl -v http://localhost:9090/hello/sayHello
*   Trying 127.0.0.1...
* TCP_NODELAY set
* Connected to localhost (127.0.0.1) port 9090 (#0)
> GET /hello/sayHello HTTP/1.1
> Host: localhost:9090
> User-Agent: curl/7.61.0
> Accept: */*
>
< HTTP/1.1 200 OK
< X-requestHeader: RequestFilter
< content-type: text/plain
< X-responseHeader: ResponseFilter
< content-length: 13
< server: ballerina/1.0.0-beta
< date: Wed, 21 Aug 2019 13:28:12 +0530
< 
* Connection #0 to host localhost left intact
Hello, World!
