# To start the service, navigate to the directory that contains the
# `.bal` file and use the `ballerina run` command with `--observe` param.
$ ballerina run --observe counter_metrics.bal
[ballerina/http] started HTTP/WS listener 0.0.0.0:9797
ballerina: started Prometheus HTTP listener 0.0.0.0:9797
ballerina: started publishing tracers to Jaeger on localhost:5775
[ballerina/http] started HTTP/WS listener 0.0.0.0:9090

------------------------------------------
Global Counter = 1
Local Counter = 21
Registered Counter = 10
------------------------------------------
------------------------------------------
Global Counter = 2
Local Counter = 21
Registered Counter = 20
------------------------------------------
------------------------------------------
Global Counter = 3
Local Counter = 21
Registered Counter = 30
------------------------------------------
