# Start multipartDemoService
# To decode a multipart request, execute the curl command
$ curl -F "part1={\"name\":\"ballerina\"};type=application/json" http://localhost:9090/multiparts/decode -H "Content-Type: multipart/mixed" -H 'Expect:'
--ac4875939cf6b158
content-type: application/json
content-disposition: form-data;name="part1"
content-id: 0

{"name":"ballerina"}
--ac4875939cf6b158--

# To encode body parts and send a multipart request via ballerina service execute the curl command
$ curl -v http://localhost:9090/multiparts/encode
< HTTP/1.1 200 OK
< content-type: multipart/form-data; boundary=3bbfa10811dcdee6
< date: Thu, 14 Jun 2018 15:22:21 +0530
< server: ballerina/0.974.1-SNAPSHOT
< content-length: 398
<
--3bbfa10811dcdee6
content-type: application/json
content-disposition: form-data;name="json part"
content-id: 0

{"name":"wso2"}
--3bbfa10811dcdee6
content-type: application/xml
content-disposition: form-data;name="xml file part"
content-id: 1

<ballerinalang>
    <version>0.963</version>
    <test>test xml file to be used as a file part</test>
</ballerinalang>
--3bbfa10811dcdee6--
