# At the command line, navigate to the directory that contains the
# `.bal` file and run the `ballerina run` command.
$ ballerina run jdbc_client_crud_operations.bal
The update operation - Creating a table
Create student table status: 0

The update operation - Inserting data to a table
Insert to student table with no parameters status: 1
Insert to student table with variable parameters status: 1
Insert to student table with sql:parameter values status: 1

The Update operation - Update data in a table
Update a row in student table status: 1

The Update operation - Delete data from table
Delete a row from student table status: 1

The updateWithGeneratedKeys operation - Inserting data
Inserted row count: 1
Generated key: 4

The select operation - Select data from a table
JSON: [{"id":1, "age":23, "name":"Jones"}, {"id":3, "age":25, "name":"James"}, {"id":4, "age":31, "name":"Kate"}]

The select operation - By loading table to memory
Iterating data first time:
Student:1|Jones|23
Student:3|James|25
Student:4|Kate|31
Iterating data second time:
Student:1|Jones|23
Student:3|James|25
Student:4|Kate|31

The update operation - Drop the student table
Drop table student status: 0
