# To run this sample, navigate to the directory that contains the
# `.bal` file, make sure `sampleKeystore.p12` file is present in the
# same folder and issue the `ballerina run` command.
$ ballerina run crypto.bal
Hex encoded hash with MD5: B7CDF48DCB2072D96987194301C9BB29
Base64 encoded hash with SHA1: zWtjF5XdRjnbt5Bb3h3tCLxvwfk=
Hex encoded hash with SHA256: 470C840787F9A5B453534EE0565C0992D76CA9100FE8A1B6F67834A79C0C749E
Base64 encoded hash with SHA384: /Y+2DRQn4GMnxdh3O353e5wrpZDVEaA8gpVVLhPGKmtjy879GjM7tvlhWTf9v+SY
Hex encoded hash with SHA512: A67035FC19AC1CCEE90DB79D8C06BC51938A45F9BDBBD9ADC2BAAA1AB02068543A9
  8A6A8381CE32801FB2557C95B9FC05D120CF8B10124709A8037896CE53A31
Hex encoded HMAC with MD5: BD7BAF052B378B02B199ED3A48C24172
Base64 encoded HMAC with SHA1: H5srwqG4xiHIeBMRYGSTM6nGpLI=
Hex encoded HMAC with SHA256: 01699B5BD8E2EAD41FB011817C688E9F1109966FF652B156FCD1FBA0E29D58E0
Base64 encoded HMAC with SHA384: XZPhJQd7T9NjsVKxJFjvGGk1YkrlFU9DlMGZ3TV3eof5fEkzg+OJkLdu0tEOm45U
Hex encoded HMAC with SHA512: 283EE4F6A6D0E284F1391AF382764CABBE6752CF77C021F862E2178485B957B444C
  109B0CB19A9444F87D61CEFC638E4C304F92AA97A1CADC510BD4D964D0C62
CRC32B for text: 2693632d
CRC32 for xml content: 7d5c0879
Hex encoded RSA-MD5 signature: 72DCB9830B078303A229E47DDBEAE458FCC26EAEC277CB807BAA5F3A502D2EFD2D
  C42F1C83C26C46BB64D4787C93892AD8AF1116FBE56C7A2FD32A2253C33D60FC08BD44B5981874D6EA8CFE6F3DFCBF3
  DE69F7B5E6C6DA635C2823C02A264AB8BC139B9C9005A4F21AFA412202004FC9247BD0B60882F52BAEFCE07E336E5FA
  F8E7D24A08803296076C00FFE0A1EF405D26F43EACF8F0DBEFAF9F4F1157A3BE28F31B3E7C89905C78793397A5F3342
  F161EC4F5C7DB60D117EE707394A3B65CEC14DC8817E03E0CEF6B66C6FD0D14EE9E95E08E015792BF976FF15D25DF0A
  0C770772CCD17A731A6FE5A77E613616B53D78C92FFE909A8D48CBADCD39B4FCB3
Base64 encoded RSA-SHA1 signature: D6PU5+SPqq0RZNUJe2K9+2zLWdg4NeDi8blRuK1e4WBmy4yjiWtXjxbAnhIpVu
  JAUDTTh2/0Bu8P8suFzkTZHFpCu3SkG9HnoDpnvdDTelEcwGViBSAkA2XR1ELDBKqvYIcXJdRVliA1CY4LTKtysrGE57iOH
  ZXbmfyiZLLedc2EOO8sT22dzSmd8aQTNWrHcYUEVTa7Sv/sd6wFceEilfRyv49yvkuVDBi6xhyUnKR8TIcJ07lP3eBfP58o
  lGWtS76GglOzHuQuNd5mLY0WykvCFoM9qmqrJLJrONdAuILJOoqXnfeLpyvvWyiSfd8MPx6KomGOuD/WYCQKaL/xGA==
Hex encoded RSA-SHA256 signature: 1FE7A13028507D0AFF1F5BFC866507AB9AEC6D690CD414D756481A1C54D01E5
  318FC6CA801EC4E6A70DD9AD359C9312DE2A5EE9C300D904A71418E709B0FFF10968E9C443C25CAF2A5D956CD26543C
  479E7F47562C8B1762DDE0159A420C3276167E678D2A4197A663C653BF3BBF78AF304A3C1A36626BB328014E99FA6A8
  4A442F19E28BC295DD45348027D5BEFC763E71DA42D872124B028C1CCBCC981DFCAA5B0C33AF0254296899DA4A625BA
  4FB7EEB8941E9A282788B14569732E2941AAC20E2B700AC5CBF372EEEED4032B1EAAC86CA234941843BA30ECA21090A
  F56EEC0517BB67B2DF84E22220A81E146638064D5E79F44D10B5211F92362C65FA8E9
Base64 encoded RSA-SHA384 signature: MhB9YczHBxv8YapgIonZDfuAJgWj/tEnwRlyVI0gd3i4GHkvF3CIpiuBgv+P
  DP+rwQull95YgiJ55uOVbC86nejURgOSGGhjesQ4PK7ATKnVyObT+dc9rY+H+7vM5uCe29VZYhq5atYphJHaqwDt11yr2uy
  78cIwwsl0ECzSJWYtkO14O8flPL4QXWU/ksGcMcxkBtQqq7Uq3ft/bRT4F0CIUSwfT5P8AHZc+g6w6/V4rUMElWb7DiOTr0
  J3uTpamAVBkS95mBVJAL+auZ15uYhjYSl2XzPViIA6AQ0G968WxZet2YyiW909rYeHUXMc7me8gCxeIkXTP8OUIC2HPg==
Hex encoded RSA-SHA512 signature: 2433A1A1733D998FFDB40C449AA3F3DCA0A8E550C546ABF9BBEBC7A79561B81
  34C66FC7FFD2F5E304F1D7E1B5056743DE81CDCAC8E6701B6E30709FBD3EBD0A6F13533F17239637C94D3896FA1447D
  9DD703F28389310DF4060493AE1EA116AC5B5E8A63A904F91E6C87683EB9B197FC884694E0664F8E3CA947D489B8C56
  95FC8A0E817EDAB17734612C9CC2F3FD0A6854773F911355E746E17A27D6D45915271D81DFB5DA4BFC46A2E300C3935
  CBE2F18DD520425051B03C58754D839E9EFE9A5C865A36A5883A82CACF91B8FC9A23888B8B20255D4F3273A7BBF3AB6
  01F67008F0C8385A93F32B4CF0D6D3E4D5105C94A9697FCFAA6DAB75A8DDDF3DFE52A
