# To start the service, navigate to the directory that contains the
# `.bal` file and use the `ballerina run` command.
$ ballerina run date_time.bal
Current system time in milliseconds: 1543406674978
Created Time: 2017-03-28T23:42:45.554-05:00
Parsed Time: 2017-06-26T09:46:22.444-05:00
Current system time in ISO format: 2018-11-28T17:34:34.978+05:30
Current system time in custom format: 2018-11-28-Wed
Year: 2018
Month: 11
Day: 28
Hour: 17
Minute: 34
Second: 34
Millisecond: 978
Weekday: WEDNESDAY
Date: 2018:11:28
Time:17:34:34:978
After adding a duration: 2019-12-28T17:34:35.978+05:30
After subtracting a duration: 2017-10-28T17:34:33.978+05:30
Before converting time zone: 2017-03-28T23:42:45.554-05:00
After converting time zone:2017-03-29T10:12:45.554+05:30
