#At the command line, navigate to the directory that contains the 
#`.bal` file and run the `ballerina run` command. 
$ ballerina run csv_io.bal
Start processing the CSV file from ./files/sample.csv
["1", "James", "10000"]
["2", "Nathan", "150000"]
["3", "Ronald", "120000"]
["4", "Roy", "6000"]
["5", "Oliver", "1100000"]
Processing completed.
CSV channel closed successfully.
Reading  ./files/sample.csv as a table
Creating `salaryTable` using `select` operation
CSV channel closed successfully.
Writing the table to ./files/output.csv
Record ["1", "10000.0"] was successfully written to ./files/output.csv
Record ["2", "150000.0"] was successfully written to ./files/output.csv
Record ["3", "120000.0"] was successfully written to ./files/output.csv
Record ["4", "6000.0"] was successfully written to ./files/output.csv
Record ["5", "1100000.0"] was successfully written to ./files/output.csv
CSV channel closed successfully.
