#At the command line, navigate to the directory that contains the
#`.bal` file and run the `ballerina run` command.
$ ballerina run jdbc_client.bal
Table creation status: 0
Stored proc creation status: 0
Inserted row count: 1
Inserted row count: 1
Generated key: 2
JSON: [{"id":1,"age":8,"name":"Sam"},{"id":2,"age":8,"name":"Sam"}]

First Iteration Begin
Student:1|Sam|8
Student:2|Sam|8
First Iteration Over

Second Iteration Begin
Student:1|Sam|8
Student:2|Sam|8
Second Iteration Over

Batch item 1 status: 1
Batch item 2 status: 1
Call action successful
Age 10 count: 1
Id 1 count: 1
Student:1|Sam|8
Student:2|Sam|8
Student:3|Smith|10
Student:4|John|20
Insertion to table successful
Removed count: 4
Table drop status: 0
Procedure drop status: 0
