#Run the following curl command to run the client. 
$ curl -v http://localhost:9090/cache
*   Trying 127.0.0.1...
* TCP_NODELAY set
* Connected to localhost (127.0.0.1) port 9090 (#0)
> GET /cache HTTP/1.1
> Host: localhost:9090
> User-Agent: curl/7.58.0
> Accept: */*
>
< HTTP/1.1 200 OK
< etag: c854ce2c
< last-modified: Sun, 8 Sep 2019 12:35:46 +0530
< content-type: application/json
< cache-control: must-revalidate,public,max-age=15
< date: Sun, 8 Sep 2019 12:35:46 +0530
< server: ballerina/1.0.0-rc1-SNAPSHOT
< content-length: 27
<
* Connection #0 to host localhost left intact
{"message":"Hello, World!"}

$ curl -v http://localhost:9090/cache
*   Trying 127.0.0.1...
* TCP_NODELAY set
* Connected to localhost (127.0.0.1) port 9090 (#0)
> GET /cache HTTP/1.1
> Host: localhost:9090
> User-Agent: curl/7.58.0
> Accept: */*
>
< HTTP/1.1 200 OK
< etag: c854ce2c
< last-modified: Sun, 8 Sep 2019 12:35:46 +0530
< content-type: application/json
< cache-control: must-revalidate,public,max-age=15
< date: Sun, 8 Sep 2019 12:35:46 +0530
< age: 14
< server: ballerina/1.0.0-rc1-SNAPSHOT
< content-length: 27
<
* Connection #0 to host localhost left intact
{"message":"Hello, World!"}

$ curl -v http://localhost:9090/cache
*   Trying 127.0.0.1...
* TCP_NODELAY set
* Connected to localhost (127.0.0.1) port 9090 (#0)
> GET /cache HTTP/1.1
> Host: localhost:9090
> User-Agent: curl/7.58.0
> Accept: */*
>
< HTTP/1.1 200 OK
< content-type: application/json
< cache-control: must-revalidate,public,max-age=15
< date: Sun, 8 Sep 2019 12:36:11 +0530
< etag: c854ce2c
< last-modified: Sun, 8 Sep 2019 12:36:11 +0530
< age: 0
< server: ballerina/1.0.0-rc1-SNAPSHOT
< content-length: 27
<
* Connection #0 to host localhost left intact
{"message":"Hello, World!"}
