// An error is returned when the count is equal to 5 to demonstrate how the
// error is propagated to the 'onError' resource function when an error occurs
// in the 'onTrigger' resource function.
# To start the service, navigate to the directory that contains the
# `.bal` file and issue the `ballerina run` command.
$ ballerina run task_service_timer.bal
Initiating service(s) in 'task_service_timer.bal'
INFO  [] - Cleaning up...
INFO  [] - 1
INFO  [] - Cleaning up...
INFO  [] - 2
INFO  [] - Cleaning up...
INFO  [] - 3
INFO  [] - Cleaning up...
INFO  [] - 4
INFO  [] - Cleaning up...
INFO  [] - 5
INFO  [] - Cleaning up...
INFO  [] - 6
INFO  [] - Cleaning up...
INFO  [] - 7
INFO  [] - Cleaning up...
INFO  [] - 8
INFO  [] - Cleaning up...
INFO  [] - 9
INFO  [] - Cleaning up...
INFO  [] - 10
