#At the command line, navigate to the directory that contains the 
#`.bal` file and run the `ballerina run` command. 
$ ballerina run xml_functions.bal
# Type of XML element.
comment
# Name of the XML element.
name
# Text content of the XML element.
Book1
# Is the XML empty?
false
# Does it have only one element?
false
# Subsequence of a sequence.
<!--some comment-->
# All the element type items.
<name>Book1</name>
# Selected element.
<name>Book1</name>
# XML after setting the child elements.
<book>Hello, World!<name>Book1</name><!--some comment--></book>
# All the child elements.
Hello, World!<name>Book1</name><!--some comment-->
# Selected child element.
<name>Book1</name>
# Stripped XML.
Hello, World!<name>Book1</name><!--some comment-->
# Copied XML.
<!--some comment-->
