# To invoke the Load Balancer Demo Service, use following cURL command.
$ curl -v http://localhost:9090/lb
*   Trying ::1...
* TCP_NODELAY set
* Connected to localhost (::1) port 9090 (#0)
> GET /lb HTTP/1.1
> Host: localhost:9090
> User-Agent: curl/7.54.0
> Accept: */*
>
< HTTP/1.1 200 OK
< content-type: text/plain
< date: Wed, 4 Sep 2019 15:36:57 +0530
< server: ballerina/1.0.0-beta
< content-length: 27
<
* Connection #0 to host localhost left intact
Mock1 resource was invoked.

# Repeat the same cURL command to invoke the Load Balance Demo Service again.
# The request will be load balanced to the second mock service.
$ curl -v http://localhost:9090/lb
*   Trying ::1...
* TCP_NODELAY set
* Connected to localhost (::1) port 9090 (#0)
> GET /lb HTTP/1.1
> Host: localhost:9090
> User-Agent: curl/7.54.0
> Accept: */*
>
< HTTP/1.1 200 OK
< content-type: text/plain
< date: Wed, 4 Sep 2019 15:36:58 +0530
< server: ballerina/1.0.0-beta
< content-length: 27
<
* Connection #0 to host localhost left intact
Mock2 resource was invoked.

# Invoke the Load Balancer Demo Service one more time using the same cURL command.
# The request will be load balanced to the third mock service.
$ curl -v http://localhost:9090/lb
*   Trying ::1...
* TCP_NODELAY set
* Connected to localhost (::1) port 9090 (#0)
> GET /lb HTTP/1.1
> Host: localhost:9090
> User-Agent: curl/7.54.0
> Accept: */*
>
< HTTP/1.1 200 OK
< content-type: text/plain
< date: Wed, 4 Sep 2019 15:36:59 +0530
< server: ballerina/1.0.0-beta
< content-length: 27
<
* Connection #0 to host localhost left intact
Mock3 resource was invoked.

# Invoke the Load Balancer Demo Service using the same cURL command for the last time.
# The request will be load balanced to the first mock service again.
$ curl -v http://localhost:9090/lb
*   Trying ::1...
* TCP_NODELAY set
* Connected to localhost (::1) port 9090 (#0)
> GET /lb HTTP/1.1
> Host: localhost:9090
> User-Agent: curl/7.54.0
> Accept: */*
>
< HTTP/1.1 200 OK
< content-type: text/plain
< date: Wed, 4 Sep 2019 15:37:00 +0530
< server: ballerina/1.0.0-beta
< content-length: 27
<
* Connection #0 to host localhost left intact
Mock1 resource was invoked.
