# To run this sample, navigate to the directory that contains the
# `.bal` file, and execute the `ballerina run` command.
$ ballerina run table.bal
Table Information: id=1 name=Mary salary=300.5 id=2 name=John salary=200.5 id=3 name=Jim salary=330.5
Adding record to table successful
Adding record to table successful
Table Information: id=1 name=Jane salary=300.5 id=2 name=Anne salary=100.5 id=3 name=John salary=400.5 id=4 name=Peter salary=150.0
Using foreach:
Name: Jane
Name: Anne
Name: John
Name: Peter
Using while loop:
Name: Jane
Name: Anne
Name: John
Name: Peter
JSON: [{"id":1, "name":"Jane", "salary":300.5}, {"id":2, "name":"Anne", "salary":100.5}, {"id":3, "name":"John", "salary":400.5}, {"id":4, "name":"Peter", "salary":150.0}]
XML: <results><result><id>1</id><name>Jane</name><salary>300.5</salary></result><result><id>2</id><name>Anne</name><salary>100.5</salary></result><result><id>3</id><name>John</name><salary>400.5</salary></result><result><id>4</id><name>Peter</name><salary>150.0</salary></result></results>
Deleted Count: 2
id=2 name=Anne salary=100.5 id=4 name=Peter salary=150.0
